app/build/intermediates/manifest_merge_blame_file/debug/manifest-merger-blame-debug-report.txt
1<?xml version="1.0" encoding="utf-8"?>
2<manifest xmlns:android="http://schemas.android.com/apk/res/android"
3    package="com.brondol.shollify"
4    android:versionCode="1"
5    android:versionName="1.0" >
6
7    <uses-sdk
8        android:minSdkVersion="21"
8-->src/main/AndroidManifest.xml
9        android:targetSdkVersion="29" />
9-->src/main/AndroidManifest.xml
10
11    <uses-permission android:name="android.permission.INTERNET" />
11-->src/main/AndroidManifest.xml:5:5-67
11-->src/main/AndroidManifest.xml:5:22-64
12    <uses-permission android:name="android.permission.ACCESS_NETWORK_STATE" />
12-->src/main/AndroidManifest.xml:6:5-79
12-->src/main/AndroidManifest.xml:6:22-76
13    <uses-permission android:name="android.permission.ACCESS_FINE_LOCATION" />
13-->src/main/AndroidManifest.xml:7:5-79
13-->src/main/AndroidManifest.xml:7:22-76
14    <uses-permission android:name="android.permission.ACCESS_COARSE_LOCATION" />
14-->src/main/AndroidManifest.xml:8:5-81
14-->src/main/AndroidManifest.xml:8:22-78
15    <uses-permission android:name="android.permission.ACCESS_GPS" />
15-->src/main/AndroidManifest.xml:9:5-69
15-->src/main/AndroidManifest.xml:9:22-66
16    <uses-permission android:name="android.permission.ACCESS_ASSISTED_GPS" />
16-->src/main/AndroidManifest.xml:10:5-78
16-->src/main/AndroidManifest.xml:10:22-75
17    <uses-permission android:name="android.permission.ACCESS_LOCATION" />
17-->src/main/AndroidManifest.xml:11:5-74
17-->src/main/AndroidManifest.xml:11:22-71
18
19    <uses-feature
19-->[com.google.android.gms:play-services-maps:17.0.0] AndroidManifest.xml:26:5-28:35
20        android:glEsVersion="0x00020000"
20-->[com.google.android.gms:play-services-maps:17.0.0] AndroidManifest.xml:27:9-41
21        android:required="true" />
21-->[com.google.android.gms:play-services-maps:17.0.0] AndroidManifest.xml:28:9-32
22
23    <uses-permission android:name="android.permission.WAKE_LOCK" /> <!-- Required by older versions of Google Play services to create IID tokens -->
23-->[com.google.firebase:firebase-iid:21.0.1] AndroidManifest.xml:24:5-68
23-->[com.google.firebase:firebase-iid:21.0.1] AndroidManifest.xml:24:22-65
24    <uses-permission android:name="com.google.android.c2dm.permission.RECEIVE" />
24-->[com.google.firebase:firebase-iid:21.0.1] AndroidManifest.xml:26:5-82
24-->[com.google.firebase:firebase-iid:21.0.1] AndroidManifest.xml:26:22-79
25
26    <application
26-->src/main/AndroidManifest.xml:13:5-60:19
27        android:allowBackup="true"
27-->src/main/AndroidManifest.xml:14:9-35
28        android:appComponentFactory="androidx.core.app.CoreComponentFactory"
28-->[androidx.core:core:1.3.2] AndroidManifest.xml:24:18-86
29        android:debuggable="true"
30        android:icon="@mipmap/ic_launcher"
30-->src/main/AndroidManifest.xml:15:9-43
31        android:label="@string/app_name"
31-->src/main/AndroidManifest.xml:16:9-41
32        android:roundIcon="@mipmap/ic_launcher_round"
32-->src/main/AndroidManifest.xml:17:9-54
33        android:supportsRtl="true"
33-->src/main/AndroidManifest.xml:18:9-35
34        android:testOnly="true"
35        android:theme="@style/AppTheme"
35-->src/main/AndroidManifest.xml:19:9-40
36        android:usesCleartextTraffic="true" >
36-->src/main/AndroidManifest.xml:20:9-44
37        <activity android:name="com.brondol.shollify.activities.ListSurahActivity" />
37-->src/main/AndroidManifest.xml:22:9-66
37-->src/main/AndroidManifest.xml:22:19-63
38        <activity android:name="com.brondol.shollify.activities.QiblaActivity" />
38-->src/main/AndroidManifest.xml:23:9-62
38-->src/main/AndroidManifest.xml:23:19-59
39        <activity android:name="com.brondol.shollify.activities.MasjidActivity" />
39-->src/main/AndroidManifest.xml:24:9-63
39-->src/main/AndroidManifest.xml:24:19-60
40        <activity android:name="com.brondol.shollify.activities.DetailSurahActivity" />
40-->src/main/AndroidManifest.xml:25:9-68
40-->src/main/AndroidManifest.xml:25:19-65
41        <activity android:name="com.brondol.shollify.activities.MainActivity" >
41-->src/main/AndroidManifest.xml:26:9-32:20
41-->src/main/AndroidManifest.xml:26:19-58
42            <intent-filter>
42-->src/main/AndroidManifest.xml:27:13-31:29
43                <action android:name="android.intent.action.MAIN" />
43-->src/main/AndroidManifest.xml:28:17-69
43-->src/main/AndroidManifest.xml:28:25-66
44
45                <category android:name="android.intent.category.LAUNCHER" />
45-->src/main/AndroidManifest.xml:30:17-77
45-->src/main/AndroidManifest.xml:30:27-74
46            </intent-filter>
47        </activity>
48
49        <meta-data
49-->src/main/AndroidManifest.xml:34:9-36:69
50            android:name="com.google.android.gms.version"
50-->src/main/AndroidManifest.xml:35:13-58
51            android:value="@integer/google_play_services_version" />
51-->src/main/AndroidManifest.xml:36:13-66
52        <meta-data
52-->src/main/AndroidManifest.xml:37:9-39:55
53            android:name="com.google.android.geo.API_KEY"
53-->src/main/AndroidManifest.xml:38:13-58
54            android:value="@string/google_maps_key" />
54-->src/main/AndroidManifest.xml:39:13-52
55        <meta-data
55-->src/main/AndroidManifest.xml:40:9-42:54
56            android:name="com.google.firebase.messaging.default_notification_icon"
56-->src/main/AndroidManifest.xml:41:13-83
57            android:resource="@mipmap/ic_launcher" />
57-->src/main/AndroidManifest.xml:42:13-51
58        <meta-data
58-->src/main/AndroidManifest.xml:43:9-45:66
59            android:name="com.google.firebase.messaging.default_notification_color"
59-->src/main/AndroidManifest.xml:44:13-84
60            android:resource="@android:color/holo_orange_dark" />
60-->src/main/AndroidManifest.xml:45:13-63
61        <meta-data
61-->src/main/AndroidManifest.xml:46:9-48:70
62            android:name="com.google.firebase.messaging.default_notification_channel_id"
62-->src/main/AndroidManifest.xml:47:13-89
63            android:value="@string/default_notification_channel_id" />
63-->src/main/AndroidManifest.xml:48:13-68
64
65        <service
65-->src/main/AndroidManifest.xml:50:9-56:19
66            android:name="com.brondol.shollify.utils.MyFirebaseMessagingService"
66-->src/main/AndroidManifest.xml:51:13-61
67            android:exported="false" >
67-->src/main/AndroidManifest.xml:52:13-37
68            <intent-filter>
68-->src/main/AndroidManifest.xml:53:13-55:29
69                <action android:name="com.google.firebase.MESSAGING_EVENT" />
69-->src/main/AndroidManifest.xml:54:17-77
69-->src/main/AndroidManifest.xml:54:25-75
70            </intent-filter>
71        </service>
72        <service
72-->src/main/AndroidManifest.xml:57:9-59:40
73            android:name="com.brondol.shollify.utils.GetAddressIntentService"
73-->src/main/AndroidManifest.xml:58:13-58
74            android:exported="false" />
74-->src/main/AndroidManifest.xml:59:13-37
75        <!--
76             FirebaseMessagingService performs security checks at runtime,
77             but set to not exported to explicitly avoid allowing another app to call it.
78        -->
79        <service
79-->[com.google.firebase:firebase-messaging:21.0.1] AndroidManifest.xml:28:9-35:19
80            android:name="com.google.firebase.messaging.FirebaseMessagingService"
80-->[com.google.firebase:firebase-messaging:21.0.1] AndroidManifest.xml:29:13-82
81            android:directBootAware="true"
81-->[com.google.firebase:firebase-messaging:21.0.1] AndroidManifest.xml:30:13-43
82            android:exported="false" >
82-->[com.google.firebase:firebase-messaging:21.0.1] AndroidManifest.xml:31:13-37
83            <intent-filter android:priority="-500" >
83-->src/main/AndroidManifest.xml:53:13-55:29
84                <action android:name="com.google.firebase.MESSAGING_EVENT" />
84-->src/main/AndroidManifest.xml:54:17-77
84-->src/main/AndroidManifest.xml:54:25-75
85            </intent-filter>
86        </service>
87        <service
87-->[com.google.firebase:firebase-messaging:21.0.1] AndroidManifest.xml:36:9-42:19
88            android:name="com.google.firebase.components.ComponentDiscoveryService"
88-->[com.google.firebase:firebase-messaging:21.0.1] AndroidManifest.xml:37:13-84
89            android:directBootAware="true"
89-->[com.google.firebase:firebase-common:19.5.0] AndroidManifest.xml:35:13-43
90            android:exported="false" >
90-->[com.google.firebase:firebase-messaging:21.0.1] AndroidManifest.xml:38:13-37
91            <meta-data
91-->[com.google.firebase:firebase-messaging:21.0.1] AndroidManifest.xml:39:13-41:85
92                android:name="com.google.firebase.components:com.google.firebase.messaging.FirebaseMessagingRegistrar"
92-->[com.google.firebase:firebase-messaging:21.0.1] AndroidManifest.xml:40:17-119
93                android:value="com.google.firebase.components.ComponentRegistrar" />
93-->[com.google.firebase:firebase-messaging:21.0.1] AndroidManifest.xml:41:17-82
94            <meta-data
94-->[com.google.firebase:firebase-iid:21.0.1] AndroidManifest.xml:32:13-34:85
95                android:name="com.google.firebase.components:com.google.firebase.iid.Registrar"
95-->[com.google.firebase:firebase-iid:21.0.1] AndroidManifest.xml:33:17-96
96                android:value="com.google.firebase.components.ComponentRegistrar" />
96-->[com.google.firebase:firebase-iid:21.0.1] AndroidManifest.xml:34:17-82
97            <meta-data
97-->[com.google.firebase:firebase-datatransport:17.0.10] AndroidManifest.xml:28:13-30:85
98                android:name="com.google.firebase.components:com.google.firebase.datatransport.TransportRegistrar"
98-->[com.google.firebase:firebase-datatransport:17.0.10] AndroidManifest.xml:29:17-115
99                android:value="com.google.firebase.components.ComponentRegistrar" />
99-->[com.google.firebase:firebase-datatransport:17.0.10] AndroidManifest.xml:30:17-82
100            <meta-data
100-->[com.google.firebase:firebase-installations:16.3.5] AndroidManifest.xml:18:13-20:85
101                android:name="com.google.firebase.components:com.google.firebase.installations.FirebaseInstallationsRegistrar"
101-->[com.google.firebase:firebase-installations:16.3.5] AndroidManifest.xml:19:17-127
102                android:value="com.google.firebase.components.ComponentRegistrar" />
102-->[com.google.firebase:firebase-installations:16.3.5] AndroidManifest.xml:20:17-82
103            <!--
104                This registrar is not defined in the dynamic-module-support sdk itself to allow non-firebase
105                clients to use it as well, by defining this registrar in their own core/common library.
106            -->
107            <meta-data
107-->[com.google.firebase:firebase-common:19.5.0] AndroidManifest.xml:43:13-45:85
108                android:name="com.google.firebase.components:com.google.firebase.dynamicloading.DynamicLoadingRegistrar"
108-->[com.google.firebase:firebase-common:19.5.0] AndroidManifest.xml:44:17-121
109                android:value="com.google.firebase.components.ComponentRegistrar" />
109-->[com.google.firebase:firebase-common:19.5.0] AndroidManifest.xml:45:17-82
110        </service> <!-- Needs to be explicitly declared on P+ -->
111        <uses-library
111-->[com.google.android.gms:play-services-maps:17.0.0] AndroidManifest.xml:33:9-35:40
112            android:name="org.apache.http.legacy"
112-->[com.google.android.gms:play-services-maps:17.0.0] AndroidManifest.xml:34:13-50
113            android:required="false" />
113-->[com.google.android.gms:play-services-maps:17.0.0] AndroidManifest.xml:35:13-37
114
115        <receiver
115-->[com.google.firebase:firebase-iid:21.0.1] AndroidManifest.xml:37:9-44:20
116            android:name="com.google.firebase.iid.FirebaseInstanceIdReceiver"
116-->[com.google.firebase:firebase-iid:21.0.1] AndroidManifest.xml:38:13-78
117            android:exported="true"
117-->[com.google.firebase:firebase-iid:21.0.1] AndroidManifest.xml:39:13-36
118            android:permission="com.google.android.c2dm.permission.SEND" >
118-->[com.google.firebase:firebase-iid:21.0.1] AndroidManifest.xml:40:13-73
119            <intent-filter>
119-->[com.google.firebase:firebase-iid:21.0.1] AndroidManifest.xml:41:13-43:29
120                <action android:name="com.google.android.c2dm.intent.RECEIVE" />
120-->[com.google.firebase:firebase-iid:21.0.1] AndroidManifest.xml:42:17-81
120-->[com.google.firebase:firebase-iid:21.0.1] AndroidManifest.xml:42:25-78
121            </intent-filter>
122        </receiver>
123
124        <activity
124-->[com.google.android.gms:play-services-base:17.3.0] AndroidManifest.xml:23:9-26:75
125            android:name="com.google.android.gms.common.api.GoogleApiActivity"
125-->[com.google.android.gms:play-services-base:17.3.0] AndroidManifest.xml:24:13-79
126            android:exported="false"
126-->[com.google.android.gms:play-services-base:17.3.0] AndroidManifest.xml:25:13-37
127            android:theme="@android:style/Theme.Translucent.NoTitleBar" />
127-->[com.google.android.gms:play-services-base:17.3.0] AndroidManifest.xml:26:13-72
128
129        <provider
129-->[com.google.firebase:firebase-common:19.5.0] AndroidManifest.xml:26:9-31:39
130            android:name="com.google.firebase.provider.FirebaseInitProvider"
130-->[com.google.firebase:firebase-common:19.5.0] AndroidManifest.xml:27:13-77
131            android:authorities="com.brondol.shollify.firebaseinitprovider"
131-->[com.google.firebase:firebase-common:19.5.0] AndroidManifest.xml:28:13-72
132            android:directBootAware="true"
132-->[com.google.firebase:firebase-common:19.5.0] AndroidManifest.xml:29:13-43
133            android:exported="false"
133-->[com.google.firebase:firebase-common:19.5.0] AndroidManifest.xml:30:13-37
134            android:initOrder="100" />
134-->[com.google.firebase:firebase-common:19.5.0] AndroidManifest.xml:31:13-36
135
136        <service
136-->[com.google.android.datatransport:transport-backend-cct:2.3.3] AndroidManifest.xml:29:9-35:19
137            android:name="com.google.android.datatransport.runtime.backends.TransportBackendDiscovery"
137-->[com.google.android.datatransport:transport-backend-cct:2.3.3] AndroidManifest.xml:30:13-103
138            android:exported="false" >
138-->[com.google.android.datatransport:transport-backend-cct:2.3.3] AndroidManifest.xml:31:13-37
139            <meta-data
139-->[com.google.android.datatransport:transport-backend-cct:2.3.3] AndroidManifest.xml:32:13-34:39
140                android:name="backend:com.google.android.datatransport.cct.CctBackendFactory"
140-->[com.google.android.datatransport:transport-backend-cct:2.3.3] AndroidManifest.xml:33:17-94
141                android:value="cct" />
141-->[com.google.android.datatransport:transport-backend-cct:2.3.3] AndroidManifest.xml:34:17-36
142        </service>
143        <service
143-->[com.google.android.datatransport:transport-runtime:2.2.5] AndroidManifest.xml:26:9-30:19
144            android:name="com.google.android.datatransport.runtime.scheduling.jobscheduling.JobInfoSchedulerService"
144-->[com.google.android.datatransport:transport-runtime:2.2.5] AndroidManifest.xml:27:13-117
145            android:exported="false"
145-->[com.google.android.datatransport:transport-runtime:2.2.5] AndroidManifest.xml:28:13-37
146            android:permission="android.permission.BIND_JOB_SERVICE" >
146-->[com.google.android.datatransport:transport-runtime:2.2.5] AndroidManifest.xml:29:13-69
147        </service>
148
149        <receiver
149-->[com.google.android.datatransport:transport-runtime:2.2.5] AndroidManifest.xml:32:9-34:40
150            android:name="com.google.android.datatransport.runtime.scheduling.jobscheduling.AlarmManagerSchedulerBroadcastReceiver"
150-->[com.google.android.datatransport:transport-runtime:2.2.5] AndroidManifest.xml:33:13-132
151            android:exported="false" />
151-->[com.google.android.datatransport:transport-runtime:2.2.5] AndroidManifest.xml:34:13-37
152    </application>
153
154</manifest>